<?xml version="1.0" encoding="UTF-8"?>
<!-- Generated by org.testng.reporters.JUnitXMLReporter -->
<testsuite ignored="0" hostname="WLAP-93" failures="0" tests="3" name="waitlist_Login Test2" time="42.665" errors="0" timestamp="2023-04-09T02:45:06 IST">
  <testcase classname="com.waitlist.testCases.TC_LoginTest_002_DataDriven" name="loginDDT" time="10.392"/>
  <testcase classname="com.waitlist.testCases.TC_LoginTest_002_DataDriven" name="loginDDT" time="9.667"/>
  <testcase classname="com.waitlist.testCases.TC_LoginTest_002_DataDriven" name="loginDDT" time="16.891"/>
</testsuite> <!-- waitlist_Login Test2 -->
