<?xml version="1.0" encoding="UTF-8"?>
<!-- Generated by org.testng.reporters.JUnitXMLReporter -->
<testsuite ignored="0" hostname="WLAP-93" failures="1" tests="1" name="waitlist_Login Test1" time="18.799" errors="0" timestamp="2023-04-08T11:20:22 IST">
  <testcase classname="com.waitlist.testCases.TC_LoginTest_01" name="loginTest" time="14.53">
    <failure type="java.lang.AssertionError" message="expected [true] but found [false]">
      <![CDATA[java.lang.AssertionError: expected [true] but found [false]
at com.waitlist.testCases.TC_LoginTest_01.loginTest(TC_LoginTest_01.java:32)
at java.base/java.util.ArrayList.forEach(ArrayList.java:1511)
... Removed 31 stack frames]]>
    </failure>
  </testcase> <!-- loginTest -->
</testsuite> <!-- waitlist_Login Test1 -->
