<?xml version="1.0" encoding="UTF-8"?>
<testng-results ignored="0" total="1" passed="0" failed="0" skipped="1">
  <reporter-output>
  </reporter-output>
  <suite started-at="2023-04-09T02:55:42 IST" name="Default suite" finished-at="2023-04-09T02:55:42 IST" duration-ms="85">
    <groups>
    </groups>
    <test started-at="2023-04-09T02:55:42 IST" name="Default test" finished-at="2023-04-09T02:55:42 IST" duration-ms="85">
      <class name="com.waitlist.testCases.TC_SignupTest_003">
        <test-method is-config="true" signature="setup(java.lang.String)[pri:0, instance:com.waitlist.testCases.TC_SignupTest_003@2df9b86]" started-at="2023-04-09T02:55:42 IST" name="setup" finished-at="1970-01-01T05:30:00 IST" duration-ms="-1680989142460" status="FAIL">
          <exception class="org.testng.TestNGException">
            <message>
              <![CDATA[
Parameter 'browser' is required by BeforeClass on method setup but has not been marked @Optional or defined
in C:\Users\wlap93\AppData\Local\Temp\testng-eclipse-1499225597\testng-customsuite.xml]]>
            </message>
            <full-stacktrace>
              <![CDATA[org.testng.TestNGException: 
Parameter 'browser' is required by BeforeClass on method setup but has not been marked @Optional or defined
in C:\Users\wlap93\AppData\Local\Temp\testng-eclipse-1499225597\testng-customsuite.xml
at org.testng.internal.Parameters.createParams(Parameters.java:272)
at org.testng.internal.Parameters.createParametersForMethod(Parameters.java:360)
at org.testng.internal.Parameters.createParameters(Parameters.java:704)
at org.testng.internal.Parameters.createConfigurationParameters(Parameters.java:166)
at org.testng.internal.ConfigInvoker.invokeConfigurations(ConfigInvoker.java:283)
at org.testng.internal.TestMethodWorker.invokeBeforeClassMethods(TestMethodWorker.java:176)
at org.testng.internal.TestMethodWorker.run(TestMethodWorker.java:122)
at java.base/java.util.ArrayList.forEach(ArrayList.java:1511)
at org.testng.TestRunner.privateRun(TestRunner.java:766)
at org.testng.TestRunner.run(TestRunner.java:587)
at org.testng.SuiteRunner.runTest(SuiteRunner.java:384)
at org.testng.SuiteRunner.runSequentially(SuiteRunner.java:378)
at org.testng.SuiteRunner.privateRun(SuiteRunner.java:337)
at org.testng.SuiteRunner.run(SuiteRunner.java:286)
at org.testng.SuiteRunnerWorker.runSuite(SuiteRunnerWorker.java:53)
at org.testng.SuiteRunnerWorker.run(SuiteRunnerWorker.java:96)
at org.testng.TestNG.runSuitesSequentially(TestNG.java:1187)
at org.testng.TestNG.runSuitesLocally(TestNG.java:1109)
at org.testng.TestNG.runSuites(TestNG.java:1039)
at org.testng.TestNG.run(TestNG.java:1007)
at org.testng.remote.AbstractRemoteTestNG.run(AbstractRemoteTestNG.java:115)
at org.testng.remote.RemoteTestNG.initAndRun(RemoteTestNG.java:251)
at org.testng.remote.RemoteTestNG.main(RemoteTestNG.java:77)
]]>
            </full-stacktrace>
          </exception> <!-- org.testng.TestNGException -->
          <reporter-output>
          </reporter-output>
        </test-method> <!-- setup -->
        <test-method signature="test1()[pri:0, instance:com.waitlist.testCases.TC_SignupTest_003@2df9b86]" started-at="2023-04-09T02:55:42 IST" name="test1" finished-at="2023-04-09T02:55:42 IST" duration-ms="0" status="SKIP">
          <exception class="org.testng.TestNGException">
            <message>
              <![CDATA[
Parameter 'browser' is required by BeforeClass on method setup but has not been marked @Optional or defined
in C:\Users\wlap93\AppData\Local\Temp\testng-eclipse-1499225597\testng-customsuite.xml]]>
            </message>
            <full-stacktrace>
              <![CDATA[org.testng.TestNGException: 
Parameter 'browser' is required by BeforeClass on method setup but has not been marked @Optional or defined
in C:\Users\wlap93\AppData\Local\Temp\testng-eclipse-1499225597\testng-customsuite.xml
at org.testng.internal.Parameters.createParams(Parameters.java:272)
at org.testng.internal.Parameters.createParametersForMethod(Parameters.java:360)
at org.testng.internal.Parameters.createParameters(Parameters.java:704)
at org.testng.internal.Parameters.createConfigurationParameters(Parameters.java:166)
at org.testng.internal.ConfigInvoker.invokeConfigurations(ConfigInvoker.java:283)
at org.testng.internal.TestMethodWorker.invokeBeforeClassMethods(TestMethodWorker.java:176)
at org.testng.internal.TestMethodWorker.run(TestMethodWorker.java:122)
at java.base/java.util.ArrayList.forEach(ArrayList.java:1511)
at org.testng.TestRunner.privateRun(TestRunner.java:766)
at org.testng.TestRunner.run(TestRunner.java:587)
at org.testng.SuiteRunner.runTest(SuiteRunner.java:384)
at org.testng.SuiteRunner.runSequentially(SuiteRunner.java:378)
at org.testng.SuiteRunner.privateRun(SuiteRunner.java:337)
at org.testng.SuiteRunner.run(SuiteRunner.java:286)
at org.testng.SuiteRunnerWorker.runSuite(SuiteRunnerWorker.java:53)
at org.testng.SuiteRunnerWorker.run(SuiteRunnerWorker.java:96)
at org.testng.TestNG.runSuitesSequentially(TestNG.java:1187)
at org.testng.TestNG.runSuitesLocally(TestNG.java:1109)
at org.testng.TestNG.runSuites(TestNG.java:1039)
at org.testng.TestNG.run(TestNG.java:1007)
at org.testng.remote.AbstractRemoteTestNG.run(AbstractRemoteTestNG.java:115)
at org.testng.remote.RemoteTestNG.initAndRun(RemoteTestNG.java:251)
at org.testng.remote.RemoteTestNG.main(RemoteTestNG.java:77)
]]>
            </full-stacktrace>
          </exception> <!-- org.testng.TestNGException -->
          <reporter-output>
          </reporter-output>
        </test-method> <!-- test1 -->
        <test-method is-config="true" signature="tearDown()[pri:0, instance:com.waitlist.testCases.TC_SignupTest_003@2df9b86]" started-at="2023-04-09T02:55:42 IST" name="tearDown" finished-at="1970-01-01T05:30:00 IST" duration-ms="-1680989142517" status="SKIP">
          <reporter-output>
          </reporter-output>
        </test-method> <!-- tearDown -->
      </class> <!-- com.waitlist.testCases.TC_SignupTest_003 -->
    </test> <!-- Default test -->
  </suite> <!-- Default suite -->
</testng-results>
